G:\Multimedia\XPublisher\XPubPDF\zlib\Release\adler32.obj
G:\Multimedia\XPublisher\XPubPDF\zlib\Release\cl.command.1.tlog
G:\Multimedia\XPublisher\XPubPDF\zlib\Release\CL.read.1.tlog
G:\Multimedia\XPublisher\XPubPDF\zlib\Release\CL.write.1.tlog
G:\Multimedia\XPublisher\XPubPDF\zlib\Release\compress.obj
G:\Multimedia\XPublisher\XPubPDF\zlib\Release\crc32.obj
G:\Multimedia\XPublisher\XPubPDF\zlib\Release\deflate.obj
G:\Multimedia\XPublisher\XPubPDF\zlib\Release\gzio.obj
G:\Multimedia\XPublisher\XPubPDF\zlib\Release\infback.obj
G:\Multimedia\XPublisher\XPubPDF\zlib\Release\inffast.obj
G:\Multimedia\XPublisher\XPubPDF\zlib\Release\inflate.obj
G:\Multimedia\XPublisher\XPubPDF\zlib\Release\inftrees.obj
G:\Multimedia\XPublisher\XPubPDF\zlib\Release\lib.command.1.tlog
G:\Multimedia\XPublisher\XPubPDF\zlib\Release\Lib-link.read.1.tlog
G:\Multimedia\XPublisher\XPubPDF\zlib\Release\Lib-link.write.1.tlog
G:\Multimedia\XPublisher\XPubPDF\zlib\Release\minigzip.obj
G:\Multimedia\XPublisher\XPubPDF\zlib\Release\trees.obj
G:\Multimedia\XPublisher\XPubPDF\zlib\Release\uncompr.obj
G:\Multimedia\XPublisher\XPubPDF\zlib\Release\vc100.pdb
G:\Multimedia\XPublisher\XPubPDF\zlib\Release\zlib.write.1.tlog
G:\Multimedia\XPublisher\XPubPDF\zlib\Release\zlib90.vcxprojResolveAssemblyReference.cache
G:\Multimedia\XPublisher\XPubPDF\zlib\Release\zutil.obj
L:\MULTIMEDIA\XPUBLISHER\XPUBPDF\ZLIB\RELEASE\ADLER32.OBJ
L:\MULTIMEDIA\XPUBLISHER\XPUBPDF\ZLIB\RELEASE\COMPRESS.OBJ
L:\MULTIMEDIA\XPUBLISHER\XPUBPDF\ZLIB\RELEASE\CRC32.OBJ
L:\MULTIMEDIA\XPUBLISHER\XPUBPDF\ZLIB\RELEASE\DEFLATE.OBJ
L:\MULTIMEDIA\XPUBLISHER\XPUBPDF\ZLIB\RELEASE\GZIO.OBJ
L:\MULTIMEDIA\XPUBLISHER\XPUBPDF\ZLIB\RELEASE\INFBACK.OBJ
L:\MULTIMEDIA\XPUBLISHER\XPUBPDF\ZLIB\RELEASE\INFFAST.OBJ
L:\MULTIMEDIA\XPUBLISHER\XPUBPDF\ZLIB\RELEASE\INFLATE.OBJ
L:\MULTIMEDIA\XPUBLISHER\XPUBPDF\ZLIB\RELEASE\INFTREES.OBJ
L:\MULTIMEDIA\XPUBLISHER\XPUBPDF\ZLIB\RELEASE\MINIGZIP.OBJ
L:\MULTIMEDIA\XPUBLISHER\XPUBPDF\ZLIB\RELEASE\TREES.OBJ
L:\MULTIMEDIA\XPUBLISHER\XPUBPDF\ZLIB\RELEASE\UNCOMPR.OBJ
L:\MULTIMEDIA\XPUBLISHER\XPUBPDF\ZLIB\RELEASE\VC100.PDB
L:\MULTIMEDIA\XPUBLISHER\XPUBPDF\ZLIB\RELEASE\ZLIB.LIB
L:\MULTIMEDIA\XPUBLISHER\XPUBPDF\ZLIB\RELEASE\ZUTIL.OBJ
