Build started 21.03.2011 21:10:57.
     1>Project "L:\Multimedia\XPublisher\XPubPDF\zlib\zlib10.vcxproj" on node 3 (rebuild target(s)).
     1>InitializeBuildStatus:
         Creating ".\Release\zlib.unsuccessfulbuild" because "AlwaysCreate" was specified.
       ClCompile:
         C:\Program Files (x86)\Microsoft Visual Studio 10.0\VC\bin\CL.exe /c /Zi /nologo /W1 /WX- /O2 /Ob1 /Oy- /D WIN32 /D NDEBUG /D _LIB /D _MT /D _VC80_UPGRADE=0x0710 /D _MBCS /GF /Gm- /EHsc /MD /GS /Gy- /fp:precise /Zc:wchar_t /Zc:forScope /Fo".\Release/" /Fd".\Release/vc100.pdb" /Gd /TC /analyze- /errorReport:prompt adler32.c compress.c crc32.c deflate.c gzio.c infback.c inffast.c inflate.c inftrees.c minigzip.c trees.c uncompr.c zutil.c /D_CRT_SECURE_NO_DEPRECATE  
         adler32.c
         compress.c
         crc32.c
         deflate.c
         gzio.c
         infback.c
         inffast.c
         inflate.c
         inftrees.c
         minigzip.c
         trees.c
         uncompr.c
         zutil.c
         Generating Code...
     1>C:\Program Files (x86)\MSBuild\Microsoft.Cpp\v4.0\Microsoft.CppBuild.targets(1151,5): warning MSB8012: TargetPath(L:\Multimedia\XPublisher\XPubPDF\zlib\.\zlib.lib) does not match the Library's OutputFile property value (L:\Multimedia\XPublisher\XPubPDF\zlib\Release\zlib.lib). This may cause your project to build incorrectly. To correct this, please make sure that $(OutDir), $(TargetName) and $(TargetExt) property values match the value specified in %(Lib.OutputFile).
       Lib:
         C:\Program Files (x86)\Microsoft Visual Studio 10.0\VC\bin\Lib.exe /OUT:"Release/zlib.lib" /NOLOGO .\Release/adler32.obj
         .\Release/compress.obj
         .\Release/crc32.obj
         .\Release/deflate.obj
         .\Release/gzio.obj
         .\Release/infback.obj
         .\Release/inffast.obj
         .\Release/inflate.obj
         .\Release/inftrees.obj
         .\Release/minigzip.obj
         .\Release/trees.obj
         .\Release/uncompr.obj
         .\Release/zutil.obj
         zlib10.vcxproj -> L:\Multimedia\XPublisher\XPubPDF\zlib\.\zlib.lib
       FinalizeBuildStatus:
         Deleting file ".\Release\zlib.unsuccessfulbuild".
         Touching ".\Release\zlib.lastbuildstate".
     1>Done Building Project "L:\Multimedia\XPublisher\XPubPDF\zlib\zlib10.vcxproj" (rebuild target(s)).

Build succeeded.

Time Elapsed 00:00:03.32
