Build started 21.03.2011 21:06:11.
     1>Project "L:\Multimedia\XPublisher\XPubPDF\zlib\zlib10.vcxproj" on node 3 (rebuild target(s)).
     1>_PrepareForClean:
         Deleting file ".\Debug\zlib.lastbuildstate".
       InitializeBuildStatus:
         Creating ".\Debug\zlib.unsuccessfulbuild" because "AlwaysCreate" was specified.
       ClCompile:
         C:\Program Files (x86)\Microsoft Visual Studio 10.0\VC\bin\CL.exe /c /ZI /nologo /W1 /WX- /Od /Oy- /D WIN32 /D _DEBUG /D _LIB /D _MT /D _VC80_UPGRADE=0x0710 /D _MBCS /Gm- /EHsc /RTC1 /MDd /GS /fp:precise /Zc:wchar_t /Zc:forScope /Fo".\Debug/" /Fd".\Debug/vc100.pdb" /Gd /TC /analyze- /errorReport:prompt adler32.c compress.c crc32.c deflate.c gzio.c infback.c inffast.c inflate.c inftrees.c minigzip.c trees.c uncompr.c zutil.c /D_CRT_SECURE_NO_DEPRECATE 
         adler32.c
         compress.c
         crc32.c
         deflate.c
         gzio.c
         infback.c
         inffast.c
         inflate.c
         inftrees.c
         minigzip.c
         trees.c
         uncompr.c
         zutil.c
         Generating Code...
     1>C:\Program Files (x86)\MSBuild\Microsoft.Cpp\v4.0\Microsoft.CppBuild.targets(1151,5): warning MSB8012: TargetPath(L:\Multimedia\XPublisher\XPubPDF\zlib\.\zlib.lib) does not match the Library's OutputFile property value (L:\Multimedia\XPublisher\XPubPDF\zlib\Debug\zlib.lib). This may cause your project to build incorrectly. To correct this, please make sure that $(OutDir), $(TargetName) and $(TargetExt) property values match the value specified in %(Lib.OutputFile).
       Lib:
         C:\Program Files (x86)\Microsoft Visual Studio 10.0\VC\bin\Lib.exe /OUT:"Debug/zlib.lib" /NOLOGO .\Debug/adler32.obj
         .\Debug/compress.obj
         .\Debug/crc32.obj
         .\Debug/deflate.obj
         .\Debug/gzio.obj
         .\Debug/infback.obj
         .\Debug/inffast.obj
         .\Debug/inflate.obj
         .\Debug/inftrees.obj
         .\Debug/minigzip.obj
         .\Debug/trees.obj
         .\Debug/uncompr.obj
         .\Debug/zutil.obj
         zlib10.vcxproj -> L:\Multimedia\XPublisher\XPubPDF\zlib\.\zlib.lib
       FinalizeBuildStatus:
         Deleting file ".\Debug\zlib.unsuccessfulbuild".
         Touching ".\Debug\zlib.lastbuildstate".
     1>Done Building Project "L:\Multimedia\XPublisher\XPubPDF\zlib\zlib10.vcxproj" (rebuild target(s)).

Build succeeded.

Time Elapsed 00:00:01.85
