Build started 26.10.2015 02:30:20.
     1>Project "L:\Multimedia\XPublisher\XPubTools\XPubTools90.vcxproj" on node 2 (build target(s)).
     1>InitializeBuildStatus:
         Touching "Template\XPubTools.unsuccessfulbuild".
       ClCompile:
         C:\Program Files (x86)\Microsoft Visual Studio 10.0\VC\bin\CL.exe /c /Zi /nologo /W1 /WX- /O2 /Oy- /Gm- /EHsc /MD /GS /fp:precise /Zc:wchar_t /Zc:forScope /Fo"Template\\" /Fd"Template\vc100.pdb" /Gd /TP /analyze- /errorReport:prompt stdafx.cpp XPubTools.cpp STools\GlobalSettings.cpp STools\SharedMemory.cpp STools\Synchronization.cpp
         stdafx.cpp
     1>C:\Program Files (x86)\Microsoft Visual Studio 10.0\VC\atlmfc\include\afx.h(24): fatal error C1189: #error :  Building MFC application with /MD[d] (CRT dll version) requires MFC shared dll version. Please #define _AFXDLL or do not use /MD[d]
         XPubTools.cpp
     1>XPubTools.cpp(97): fatal error C1189: #error :  "not implemented"
         GlobalSettings.cpp
     1>l:\multimedia\xpublisher\xpubtools\stools\XPubToolsExpImp.h(29): fatal error C1189: #error :  "not implemented"
         SharedMemory.cpp
     1>l:\multimedia\xpublisher\xpubtools\stools\XPubToolsExpImp.h(29): fatal error C1189: #error :  "not implemented"
         Synchronization.cpp
     1>l:\multimedia\xpublisher\xpubtools\stools\XPubToolsExpImp.h(29): fatal error C1189: #error :  "not implemented"
         Generating Code...
     1>Done Building Project "L:\Multimedia\XPublisher\XPubTools\XPubTools90.vcxproj" (build target(s)) -- FAILED.

Build FAILED.

Time Elapsed 00:00:00.40
