G:\Multimedia\XPublisher\XPubPDF\libpng\Release\cl.command.1.tlog
G:\Multimedia\XPublisher\XPubPDF\libpng\Release\CL.read.1.tlog
G:\Multimedia\XPublisher\XPubPDF\libpng\Release\CL.write.1.tlog
G:\Multimedia\XPublisher\XPubPDF\libpng\Release\lib.command.1.tlog
G:\Multimedia\XPublisher\XPubPDF\libpng\Release\Lib-link.read.1.tlog
G:\Multimedia\XPublisher\XPubPDF\libpng\Release\Lib-link.write.1.tlog
G:\Multimedia\XPublisher\XPubPDF\libpng\Release\libpng.lib
G:\Multimedia\XPublisher\XPubPDF\libpng\Release\libpng.write.1.tlog
G:\Multimedia\XPublisher\XPubPDF\libpng\Release\png.obj
G:\Multimedia\XPublisher\XPubPDF\libpng\Release\pngerror.obj
G:\Multimedia\XPublisher\XPubPDF\libpng\Release\pnggccrd.obj
G:\Multimedia\XPublisher\XPubPDF\libpng\Release\pngget.obj
G:\Multimedia\XPublisher\XPubPDF\libpng\Release\pngmem.obj
G:\Multimedia\XPublisher\XPubPDF\libpng\Release\pngpread.obj
G:\Multimedia\XPublisher\XPubPDF\libpng\Release\pngread.obj
G:\Multimedia\XPublisher\XPubPDF\libpng\Release\pngrio.obj
G:\Multimedia\XPublisher\XPubPDF\libpng\Release\pngrtran.obj
G:\Multimedia\XPublisher\XPubPDF\libpng\Release\pngrutil.obj
G:\Multimedia\XPublisher\XPubPDF\libpng\Release\pngset.obj
G:\Multimedia\XPublisher\XPubPDF\libpng\Release\pngtest.obj
G:\Multimedia\XPublisher\XPubPDF\libpng\Release\pngtrans.obj
G:\Multimedia\XPublisher\XPubPDF\libpng\Release\pngvcrd.obj
G:\Multimedia\XPublisher\XPubPDF\libpng\Release\pngwio.obj
G:\Multimedia\XPublisher\XPubPDF\libpng\Release\pngwrite.obj
G:\Multimedia\XPublisher\XPubPDF\libpng\Release\pngwtran.obj
G:\Multimedia\XPublisher\XPubPDF\libpng\Release\pngwutil.obj
G:\Multimedia\XPublisher\XPubPDF\libpng\Release\vc100.pdb
L:\MULTIMEDIA\XPUBLISHER\XPUBPDF\LIBPNG\RELEASE\LIBPNG.LIB
L:\MULTIMEDIA\XPUBLISHER\XPUBPDF\LIBPNG\RELEASE\PNG.OBJ
L:\MULTIMEDIA\XPUBLISHER\XPUBPDF\LIBPNG\RELEASE\PNGERROR.OBJ
L:\MULTIMEDIA\XPUBLISHER\XPUBPDF\LIBPNG\RELEASE\PNGGCCRD.OBJ
L:\MULTIMEDIA\XPUBLISHER\XPUBPDF\LIBPNG\RELEASE\PNGGET.OBJ
L:\MULTIMEDIA\XPUBLISHER\XPUBPDF\LIBPNG\RELEASE\PNGMEM.OBJ
L:\MULTIMEDIA\XPUBLISHER\XPUBPDF\LIBPNG\RELEASE\PNGPREAD.OBJ
L:\MULTIMEDIA\XPUBLISHER\XPUBPDF\LIBPNG\RELEASE\PNGREAD.OBJ
L:\MULTIMEDIA\XPUBLISHER\XPUBPDF\LIBPNG\RELEASE\PNGRIO.OBJ
L:\MULTIMEDIA\XPUBLISHER\XPUBPDF\LIBPNG\RELEASE\PNGRTRAN.OBJ
L:\MULTIMEDIA\XPUBLISHER\XPUBPDF\LIBPNG\RELEASE\PNGRUTIL.OBJ
L:\MULTIMEDIA\XPUBLISHER\XPUBPDF\LIBPNG\RELEASE\PNGSET.OBJ
L:\MULTIMEDIA\XPUBLISHER\XPUBPDF\LIBPNG\RELEASE\PNGTEST.OBJ
L:\MULTIMEDIA\XPUBLISHER\XPUBPDF\LIBPNG\RELEASE\PNGTRANS.OBJ
L:\MULTIMEDIA\XPUBLISHER\XPUBPDF\LIBPNG\RELEASE\PNGVCRD.OBJ
L:\MULTIMEDIA\XPUBLISHER\XPUBPDF\LIBPNG\RELEASE\PNGWIO.OBJ
L:\MULTIMEDIA\XPUBLISHER\XPUBPDF\LIBPNG\RELEASE\PNGWRITE.OBJ
L:\MULTIMEDIA\XPUBLISHER\XPUBPDF\LIBPNG\RELEASE\PNGWTRAN.OBJ
L:\MULTIMEDIA\XPUBLISHER\XPUBPDF\LIBPNG\RELEASE\PNGWUTIL.OBJ
L:\MULTIMEDIA\XPUBLISHER\XPUBPDF\LIBPNG\RELEASE\VC100.PDB
